<?xml version="1.0" encoding="UTF-8"?>
<testsuite xmlns:xsi="http://www.w3.org/2001/XMLSchema-instance" xsi:noNamespaceSchemaLocation="https://maven.apache.org/surefire/maven-surefire-plugin/xsd/surefire-test-report-3.0.xsd" version="3.0" name="com.benjacksondev.springbootcodegen.GeneratorSnapshotTests" time="0.098" tests="4" errors="0" skipped="0" failures="0">
  <properties>
    <property name="java.specification.version" value="17"/>
    <property name="sun.jnu.encoding" value="UTF-8"/>
    <property name="java.class.path" value="/Users/ben.jackson/Desktop/springboot-codegen-maven-plugin/target/test-classes:/Users/ben.jackson/Desktop/springboot-codegen-maven-plugin/target/classes:/Users/ben.jackson/.m2/repository/org/apache/maven/maven-plugin-api/3.0/maven-plugin-api-3.0.jar:/Users/ben.jackson/.m2/repository/org/apache/maven/maven-model/3.0/maven-model-3.0.jar:/Users/ben.jackson/.m2/repository/org/apache/maven/maven-artifact/3.0/maven-artifact-3.0.jar:/Users/ben.jackson/.m2/repository/org/sonatype/sisu/sisu-inject-plexus/1.4.2/sisu-inject-plexus-1.4.2.jar:/Users/ben.jackson/.m2/repository/org/sonatype/sisu/sisu-inject-bean/1.4.2/sisu-inject-bean-1.4.2.jar:/Users/ben.jackson/.m2/repository/org/sonatype/sisu/sisu-guice/2.1.7/sisu-guice-2.1.7-noaop.jar:/Users/ben.jackson/.m2/repository/org/apache/maven/maven-core/3.6.3/maven-core-3.6.3.jar:/Users/ben.jackson/.m2/repository/org/apache/maven/maven-settings/3.6.3/maven-settings-3.6.3.jar:/Users/ben.jackson/.m2/repository/org/apache/maven/maven-settings-builder/3.6.3/maven-settings-builder-3.6.3.jar:/Users/ben.jackson/.m2/repository/org/codehaus/plexus/plexus-interpolation/1.25/plexus-interpolation-1.25.jar:/Users/ben.jackson/.m2/repository/org/sonatype/plexus/plexus-sec-dispatcher/1.4/plexus-sec-dispatcher-1.4.jar:/Users/ben.jackson/.m2/repository/org/sonatype/plexus/plexus-cipher/1.4/plexus-cipher-1.4.jar:/Users/ben.jackson/.m2/repository/org/apache/maven/maven-builder-support/3.6.3/maven-builder-support-3.6.3.jar:/Users/ben.jackson/.m2/repository/org/apache/maven/maven-repository-metadata/3.6.3/maven-repository-metadata-3.6.3.jar:/Users/ben.jackson/.m2/repository/org/apache/maven/maven-model-builder/3.6.3/maven-model-builder-3.6.3.jar:/Users/ben.jackson/.m2/repository/org/apache/maven/maven-resolver-provider/3.6.3/maven-resolver-provider-3.6.3.jar:/Users/ben.jackson/.m2/repository/org/slf4j/slf4j-api/1.7.29/slf4j-api-1.7.29.jar:/Users/ben.jackson/.m2/repository/org/apache/maven/resolver/maven-resolver-impl/1.4.1/maven-resolver-impl-1.4.1.jar:/Users/ben.jackson/.m2/repository/org/apache/maven/resolver/maven-resolver-api/1.4.1/maven-resolver-api-1.4.1.jar:/Users/ben.jackson/.m2/repository/org/apache/maven/resolver/maven-resolver-spi/1.4.1/maven-resolver-spi-1.4.1.jar:/Users/ben.jackson/.m2/repository/org/apache/maven/resolver/maven-resolver-util/1.4.1/maven-resolver-util-1.4.1.jar:/Users/ben.jackson/.m2/repository/org/apache/maven/shared/maven-shared-utils/3.2.1/maven-shared-utils-3.2.1.jar:/Users/ben.jackson/.m2/repository/commons-io/commons-io/2.5/commons-io-2.5.jar:/Users/ben.jackson/.m2/repository/org/eclipse/sisu/org.eclipse.sisu.plexus/0.3.4/org.eclipse.sisu.plexus-0.3.4.jar:/Users/ben.jackson/.m2/repository/javax/enterprise/cdi-api/1.0/cdi-api-1.0.jar:/Users/ben.jackson/.m2/repository/javax/annotation/jsr250-api/1.0/jsr250-api-1.0.jar:/Users/ben.jackson/.m2/repository/org/eclipse/sisu/org.eclipse.sisu.inject/0.3.4/org.eclipse.sisu.inject-0.3.4.jar:/Users/ben.jackson/.m2/repository/com/google/inject/guice/4.2.1/guice-4.2.1-no_aop.jar:/Users/ben.jackson/.m2/repository/aopalliance/aopalliance/1.0/aopalliance-1.0.jar:/Users/ben.jackson/.m2/repository/com/google/guava/guava/25.1-android/guava-25.1-android.jar:/Users/ben.jackson/.m2/repository/com/google/code/findbugs/jsr305/3.0.2/jsr305-3.0.2.jar:/Users/ben.jackson/.m2/repository/org/checkerframework/checker-compat-qual/2.0.0/checker-compat-qual-2.0.0.jar:/Users/ben.jackson/.m2/repository/com/google/errorprone/error_prone_annotations/2.1.3/error_prone_annotations-2.1.3.jar:/Users/ben.jackson/.m2/repository/com/google/j2objc/j2objc-annotations/1.1/j2objc-annotations-1.1.jar:/Users/ben.jackson/.m2/repository/org/codehaus/mojo/animal-sniffer-annotations/1.14/animal-sniffer-annotations-1.14.jar:/Users/ben.jackson/.m2/repository/javax/inject/javax.inject/1/javax.inject-1.jar:/Users/ben.jackson/.m2/repository/org/codehaus/plexus/plexus-utils/3.2.1/plexus-utils-3.2.1.jar:/Users/ben.jackson/.m2/repository/org/codehaus/plexus/plexus-classworlds/2.6.0/plexus-classworlds-2.6.0.jar:/Users/ben.jackson/.m2/repository/org/codehaus/plexus/plexus-component-annotations/2.1.0/plexus-component-annotations-2.1.0.jar:/Users/ben.jackson/.m2/repository/org/apache/commons/commons-lang3/3.8.1/commons-lang3-3.8.1.jar:/Users/ben.jackson/.m2/repository/org/apache/maven/plugin-tools/maven-plugin-annotations/3.13.1/maven-plugin-annotations-3.13.1.jar:/Users/ben.jackson/.m2/repository/io/github/origin-energy/java-snapshot-testing-junit5/4.0.8/java-snapshot-testing-junit5-4.0.8.jar:/Users/ben.jackson/.m2/repository/org/junit/jupiter/junit-jupiter-engine/5.11.0-M2/junit-jupiter-engine-5.11.0-M2.jar:/Users/ben.jackson/.m2/repository/org/junit/platform/junit-platform-engine/1.11.0-M2/junit-platform-engine-1.11.0-M2.jar:/Users/ben.jackson/.m2/repository/org/opentest4j/opentest4j/1.3.0/opentest4j-1.3.0.jar:/Users/ben.jackson/.m2/repository/org/junit/platform/junit-platform-commons/1.11.0-M2/junit-platform-commons-1.11.0-M2.jar:/Users/ben.jackson/.m2/repository/org/junit/jupiter/junit-jupiter-api/5.11.0-M2/junit-jupiter-api-5.11.0-M2.jar:/Users/ben.jackson/.m2/repository/org/apiguardian/apiguardian-api/1.1.2/apiguardian-api-1.1.2.jar:"/>
    <property name="java.vm.vendor" value="Amazon.com Inc."/>
    <property name="sun.arch.data.model" value="64"/>
    <property name="java.vendor.url" value="https://aws.amazon.com/corretto/"/>
    <property name="os.name" value="Mac OS X"/>
    <property name="java.vm.specification.version" value="17"/>
    <property name="sun.java.launcher" value="SUN_STANDARD"/>
    <property name="user.country" value="GB"/>
    <property name="sun.boot.library.path" value="/Users/ben.jackson/.sdkman/candidates/java/17.0.12-amzn/lib"/>
    <property name="sun.java.command" value="/Users/ben.jackson/Desktop/springboot-codegen-maven-plugin/target/surefire/surefirebooter-20240907100820599_3.jar /Users/ben.jackson/Desktop/springboot-codegen-maven-plugin/target/surefire 2024-09-07T10-08-20_550-jvmRun1 surefire-20240907100820599_1tmp surefire_0-20240907100820599_2tmp"/>
    <property name="jdk.debug" value="release"/>
    <property name="surefire.test.class.path" value="/Users/ben.jackson/Desktop/springboot-codegen-maven-plugin/target/test-classes:/Users/ben.jackson/Desktop/springboot-codegen-maven-plugin/target/classes:/Users/ben.jackson/.m2/repository/org/apache/maven/maven-plugin-api/3.0/maven-plugin-api-3.0.jar:/Users/ben.jackson/.m2/repository/org/apache/maven/maven-model/3.0/maven-model-3.0.jar:/Users/ben.jackson/.m2/repository/org/apache/maven/maven-artifact/3.0/maven-artifact-3.0.jar:/Users/ben.jackson/.m2/repository/org/sonatype/sisu/sisu-inject-plexus/1.4.2/sisu-inject-plexus-1.4.2.jar:/Users/ben.jackson/.m2/repository/org/sonatype/sisu/sisu-inject-bean/1.4.2/sisu-inject-bean-1.4.2.jar:/Users/ben.jackson/.m2/repository/org/sonatype/sisu/sisu-guice/2.1.7/sisu-guice-2.1.7-noaop.jar:/Users/ben.jackson/.m2/repository/org/apache/maven/maven-core/3.6.3/maven-core-3.6.3.jar:/Users/ben.jackson/.m2/repository/org/apache/maven/maven-settings/3.6.3/maven-settings-3.6.3.jar:/Users/ben.jackson/.m2/repository/org/apache/maven/maven-settings-builder/3.6.3/maven-settings-builder-3.6.3.jar:/Users/ben.jackson/.m2/repository/org/codehaus/plexus/plexus-interpolation/1.25/plexus-interpolation-1.25.jar:/Users/ben.jackson/.m2/repository/org/sonatype/plexus/plexus-sec-dispatcher/1.4/plexus-sec-dispatcher-1.4.jar:/Users/ben.jackson/.m2/repository/org/sonatype/plexus/plexus-cipher/1.4/plexus-cipher-1.4.jar:/Users/ben.jackson/.m2/repository/org/apache/maven/maven-builder-support/3.6.3/maven-builder-support-3.6.3.jar:/Users/ben.jackson/.m2/repository/org/apache/maven/maven-repository-metadata/3.6.3/maven-repository-metadata-3.6.3.jar:/Users/ben.jackson/.m2/repository/org/apache/maven/maven-model-builder/3.6.3/maven-model-builder-3.6.3.jar:/Users/ben.jackson/.m2/repository/org/apache/maven/maven-resolver-provider/3.6.3/maven-resolver-provider-3.6.3.jar:/Users/ben.jackson/.m2/repository/org/slf4j/slf4j-api/1.7.29/slf4j-api-1.7.29.jar:/Users/ben.jackson/.m2/repository/org/apache/maven/resolver/maven-resolver-impl/1.4.1/maven-resolver-impl-1.4.1.jar:/Users/ben.jackson/.m2/repository/org/apache/maven/resolver/maven-resolver-api/1.4.1/maven-resolver-api-1.4.1.jar:/Users/ben.jackson/.m2/repository/org/apache/maven/resolver/maven-resolver-spi/1.4.1/maven-resolver-spi-1.4.1.jar:/Users/ben.jackson/.m2/repository/org/apache/maven/resolver/maven-resolver-util/1.4.1/maven-resolver-util-1.4.1.jar:/Users/ben.jackson/.m2/repository/org/apache/maven/shared/maven-shared-utils/3.2.1/maven-shared-utils-3.2.1.jar:/Users/ben.jackson/.m2/repository/commons-io/commons-io/2.5/commons-io-2.5.jar:/Users/ben.jackson/.m2/repository/org/eclipse/sisu/org.eclipse.sisu.plexus/0.3.4/org.eclipse.sisu.plexus-0.3.4.jar:/Users/ben.jackson/.m2/repository/javax/enterprise/cdi-api/1.0/cdi-api-1.0.jar:/Users/ben.jackson/.m2/repository/javax/annotation/jsr250-api/1.0/jsr250-api-1.0.jar:/Users/ben.jackson/.m2/repository/org/eclipse/sisu/org.eclipse.sisu.inject/0.3.4/org.eclipse.sisu.inject-0.3.4.jar:/Users/ben.jackson/.m2/repository/com/google/inject/guice/4.2.1/guice-4.2.1-no_aop.jar:/Users/ben.jackson/.m2/repository/aopalliance/aopalliance/1.0/aopalliance-1.0.jar:/Users/ben.jackson/.m2/repository/com/google/guava/guava/25.1-android/guava-25.1-android.jar:/Users/ben.jackson/.m2/repository/com/google/code/findbugs/jsr305/3.0.2/jsr305-3.0.2.jar:/Users/ben.jackson/.m2/repository/org/checkerframework/checker-compat-qual/2.0.0/checker-compat-qual-2.0.0.jar:/Users/ben.jackson/.m2/repository/com/google/errorprone/error_prone_annotations/2.1.3/error_prone_annotations-2.1.3.jar:/Users/ben.jackson/.m2/repository/com/google/j2objc/j2objc-annotations/1.1/j2objc-annotations-1.1.jar:/Users/ben.jackson/.m2/repository/org/codehaus/mojo/animal-sniffer-annotations/1.14/animal-sniffer-annotations-1.14.jar:/Users/ben.jackson/.m2/repository/javax/inject/javax.inject/1/javax.inject-1.jar:/Users/ben.jackson/.m2/repository/org/codehaus/plexus/plexus-utils/3.2.1/plexus-utils-3.2.1.jar:/Users/ben.jackson/.m2/repository/org/codehaus/plexus/plexus-classworlds/2.6.0/plexus-classworlds-2.6.0.jar:/Users/ben.jackson/.m2/repository/org/codehaus/plexus/plexus-component-annotations/2.1.0/plexus-component-annotations-2.1.0.jar:/Users/ben.jackson/.m2/repository/org/apache/commons/commons-lang3/3.8.1/commons-lang3-3.8.1.jar:/Users/ben.jackson/.m2/repository/org/apache/maven/plugin-tools/maven-plugin-annotations/3.13.1/maven-plugin-annotations-3.13.1.jar:/Users/ben.jackson/.m2/repository/io/github/origin-energy/java-snapshot-testing-junit5/4.0.8/java-snapshot-testing-junit5-4.0.8.jar:/Users/ben.jackson/.m2/repository/org/junit/jupiter/junit-jupiter-engine/5.11.0-M2/junit-jupiter-engine-5.11.0-M2.jar:/Users/ben.jackson/.m2/repository/org/junit/platform/junit-platform-engine/1.11.0-M2/junit-platform-engine-1.11.0-M2.jar:/Users/ben.jackson/.m2/repository/org/opentest4j/opentest4j/1.3.0/opentest4j-1.3.0.jar:/Users/ben.jackson/.m2/repository/org/junit/platform/junit-platform-commons/1.11.0-M2/junit-platform-commons-1.11.0-M2.jar:/Users/ben.jackson/.m2/repository/org/junit/jupiter/junit-jupiter-api/5.11.0-M2/junit-jupiter-api-5.11.0-M2.jar:/Users/ben.jackson/.m2/repository/org/apiguardian/apiguardian-api/1.1.2/apiguardian-api-1.1.2.jar:"/>
    <property name="sun.cpu.endian" value="little"/>
    <property name="user.home" value="/Users/ben.jackson"/>
    <property name="user.language" value="en"/>
    <property name="java.specification.vendor" value="Oracle Corporation"/>
    <property name="java.version.date" value="2024-07-16"/>
    <property name="java.home" value="/Users/ben.jackson/.sdkman/candidates/java/17.0.12-amzn"/>
    <property name="file.separator" value="/"/>
    <property name="basedir" value="/Users/ben.jackson/Desktop/springboot-codegen-maven-plugin"/>
    <property name="java.vm.compressedOopsMode" value="Zero based"/>
    <property name="line.separator" value="&#10;"/>
    <property name="java.vm.specification.vendor" value="Oracle Corporation"/>
    <property name="java.specification.name" value="Java Platform API Specification"/>
    <property name="surefire.real.class.path" value="/Users/ben.jackson/Desktop/springboot-codegen-maven-plugin/target/surefire/surefirebooter-20240907100820599_3.jar"/>
    <property name="sun.management.compiler" value="HotSpot 64-Bit Tiered Compilers"/>
    <property name="java.runtime.version" value="17.0.12+7-LTS"/>
    <property name="user.name" value="ben.jackson"/>
    <property name="path.separator" value=":"/>
    <property name="os.version" value="14.6.1"/>
    <property name="java.runtime.name" value="OpenJDK Runtime Environment"/>
    <property name="file.encoding" value="UTF-8"/>
    <property name="java.vm.name" value="OpenJDK 64-Bit Server VM"/>
    <property name="java.vendor.version" value="Corretto-17.0.12.7.1"/>
    <property name="localRepository" value="/Users/ben.jackson/.m2/repository"/>
    <property name="java.vendor.url.bug" value="https://github.com/corretto/corretto-17/issues/"/>
    <property name="java.io.tmpdir" value="/var/folders/gm/3f6l6_t90wdfmj7hfwz25c8c0000gq/T/"/>
    <property name="java.version" value="17.0.12"/>
    <property name="user.dir" value="/Users/ben.jackson/Desktop/springboot-codegen-maven-plugin"/>
    <property name="os.arch" value="aarch64"/>
    <property name="java.vm.specification.name" value="Java Virtual Machine Specification"/>
    <property name="native.encoding" value="UTF-8"/>
    <property name="java.library.path" value="/Users/ben.jackson/Library/Java/Extensions:/Library/Java/Extensions:/Network/Library/Java/Extensions:/System/Library/Java/Extensions:/usr/lib/java:."/>
    <property name="java.vm.info" value="mixed mode, sharing"/>
    <property name="java.vendor" value="Amazon.com Inc."/>
    <property name="java.vm.version" value="17.0.12+7-LTS"/>
    <property name="sun.io.unicode.encoding" value="UnicodeBig"/>
    <property name="java.class.version" value="61.0"/>
  </properties>
  <testcase name="generateEntityTest" classname="com.benjacksondev.springbootcodegen.GeneratorSnapshotTests" time="0.027">
    <system-err><![CDATA[SLF4J: Failed to load class "org.slf4j.impl.StaticLoggerBinder".
SLF4J: Defaulting to no-operation (NOP) logger implementation
SLF4J: See http://www.slf4j.org/codes.html#StaticLoggerBinder for further details.
]]></system-err>
  </testcase>
  <testcase name="generateServiceTest" classname="com.benjacksondev.springbootcodegen.GeneratorSnapshotTests" time="0.042"/>
  <testcase name="generateControllerTest" classname="com.benjacksondev.springbootcodegen.GeneratorSnapshotTests" time="0.003"/>
  <testcase name="generateRepositoryTest" classname="com.benjacksondev.springbootcodegen.GeneratorSnapshotTests" time="0.003"/>
</testsuite>